2013-07-14 15:54:50,528 [198] Orchard.Recipes.Services.RecipeStepExecutor - Recipe execution 94882ce2d99a47838eabf5b32c72490f was cancelled because a step failed to execute
System.InvalidOperationException: Sequence contains no matching element
   at System.Linq.Enumerable.Single[TSource](IEnumerable`1 source, Func`2 predicate)
   at Orchard.Environment.Features.FeatureManager.<>c__DisplayClass2d.<EnableFeature>b__20(String fId) in c:\Orchard\src\Orchard\Environment\Features\FeatureManager.cs:line 148
   at System.Linq.Enumerable.WhereSelectListIterator`2.MoveNext()
   at System.Linq.Enumerable.WhereEnumerableIterator`1.MoveNext()
   at System.Linq.Enumerable.ToDictionary[TSource,TKey,TElement](IEnumerable`1 source, Func`2 keySelector, Func`2 elementSelector, IEqualityComparer`1 comparer)
   at Orchard.Environment.Features.FeatureManager.<EnableFeature>b__1e(String currentFeatureId, IDictionary`2 featuresState) in c:\Orchard\src\Orchard\Environment\Features\FeatureManager.cs:line 147
   at Orchard.Environment.Features.FeatureManager.GetAffectedFeatures(String featureId, IDictionary`2 features, Func`3 getAffectedDependencies) in c:\Orchard\src\Orchard\Environment\Features\FeatureManager.cs:line 195
   at Orchard.Environment.Features.FeatureManager.EnableFeature(String featureId, IDictionary`2 availableFeatures, Boolean force) in c:\Orchard\src\Orchard\Environment\Features\FeatureManager.cs:line 153
   at Orchard.Environment.Features.FeatureManager.<>c__DisplayClass9.<EnableFeatures>b__4(String featureId) in c:\Orchard\src\Orchard\Environment\Features\FeatureManager.cs:line 73
   at System.Linq.Enumerable.WhereSelectListIterator`2.MoveNext()
   at System.Collections.Generic.List`1..ctor(IEnumerable`1 collection)
   at System.Linq.Enumerable.ToList[TSource](IEnumerable`1 source)
   at Orchard.Environment.Features.FeatureManager.EnableFeatures(IEnumerable`1 featureIds, Boolean force) in c:\Orchard\src\Orchard\Environment\Features\FeatureManager.cs:line 72
   at Orchard.Recipes.RecipeHandlers.FeatureRecipeHandler.ExecuteRecipeStep(RecipeContext recipeContext)
   at Orchard.Recipes.Services.RecipeStepExecutor.ExecuteNextStep(String executionId)
2013-07-14 15:54:50,621 [198] Orchard.Exceptions.DefaultExceptionPolicy - An unexpected exception was caught
System.Reflection.TargetInvocationException: Exception has been thrown by the target of an invocation. ---> Orchard.OrchardCoreException: Recipe execution with id 94882ce2d99a47838eabf5b32c72490f was cancelled because the "Feature" step failed to execute. The following exception was thrown: Sequence contains no matching element. Refer to the recipe journal for more information.
   at Orchard.Recipes.Services.RecipeStepExecutor.ExecuteNextStep(String executionId)
   at Orchard.Recipes.Services.RecipeScheduler.ExecuteWork(String executionId)
   --- End of inner exception stack trace ---
   at System.RuntimeMethodHandle.InvokeMethod(Object target, Object[] arguments, Signature sig, Boolean constructor)
   at System.Reflection.RuntimeMethodInfo.UnsafeInvokeInternal(Object obj, Object[] parameters, Object[] arguments)
   at System.Reflection.RuntimeMethodInfo.Invoke(Object obj, BindingFlags invokeAttr, Binder binder, Object[] parameters, CultureInfo culture)
   at Orchard.Events.DefaultOrchardEventBus.TryInvokeMethod(IEventHandler eventHandler, Type interfaceType, String methodName, IDictionary`2 arguments, IEnumerable& returnValue) in c:\Orchard\src\Orchard\Events\DefaultOrchardEventBus.cs:line 80
   at Orchard.Events.DefaultOrchardEventBus.TryInvoke(IEventHandler eventHandler, String interfaceName, String methodName, IDictionary`2 arguments, IEnumerable& returnValue) in c:\Orchard\src\Orchard\Events\DefaultOrchardEventBus.cs:line 68
   at Orchard.Events.DefaultOrchardEventBus.TryNotifyHandler(IEventHandler eventHandler, String messageName, String interfaceName, String methodName, IDictionary`2 eventData, IEnumerable& returnValue) in c:\Orchard\src\Orchard\Events\DefaultOrchardEventBus.cs:line 52
2013-07-14 16:56:42,734 [64] Orchard.Email.Services.EmailMes